<?xml version="1.0" encoding="UTF-8"?>
<testng-results skipped="0" failed="0" total="1" passed="1">
  <reporter-output>
  </reporter-output>
  <suite name="Suite" duration-ms="10454" started-at="2021-03-26T04:29:13Z" finished-at="2021-03-26T04:29:23Z">
    <groups>
    </groups>
    <test name="Test" duration-ms="10454" started-at="2021-03-26T04:29:13Z" finished-at="2021-03-26T04:29:23Z">
      <class name="TestScrepts.Tc_01">
        <test-method status="PASS" signature="openBrowser()[pri:0, instance:TestScrepts.Tc_01@2c9f9fb0]" name="openBrowser" is-config="true" duration-ms="8435" started-at="2021-03-26T09:59:13Z" finished-at="2021-03-26T09:59:21Z">
          <reporter-output>
          </reporter-output>
        </test-method> <!-- openBrowser -->
        <test-method status="PASS" signature="login()[pri:0, instance:TestScrepts.Tc_01@2c9f9fb0]" name="login" duration-ms="574" started-at="2021-03-26T09:59:21Z" finished-at="2021-03-26T09:59:22Z">
          <reporter-output>
          </reporter-output>
        </test-method> <!-- login -->
        <test-method status="PASS" signature="closeBrowser()[pri:0, instance:TestScrepts.Tc_01@2c9f9fb0]" name="closeBrowser" is-config="true" duration-ms="1438" started-at="2021-03-26T09:59:22Z" finished-at="2021-03-26T09:59:23Z">
          <reporter-output>
          </reporter-output>
        </test-method> <!-- closeBrowser -->
      </class> <!-- TestScrepts.Tc_01 -->
    </test> <!-- Test -->
  </suite> <!-- Suite -->
</testng-results>
