<?xml version="1.0" encoding="UTF-8"?>
<testng-results skipped="0" failed="0" total="1" passed="1">
  <reporter-output>
  </reporter-output>
  <suite name="Suite" duration-ms="10727" started-at="2021-03-24T10:08:27Z" finished-at="2021-03-24T10:08:38Z">
    <groups>
    </groups>
    <test name="Test" duration-ms="10727" started-at="2021-03-24T10:08:27Z" finished-at="2021-03-24T10:08:38Z">
      <class name="TestScrepts.Tc_01">
        <test-method status="PASS" signature="openBrowser()[pri:0, instance:TestScrepts.Tc_01@2b98378d]" name="openBrowser" is-config="true" duration-ms="8251" started-at="2021-03-24T15:38:27Z" finished-at="2021-03-24T15:38:35Z">
          <reporter-output>
          </reporter-output>
        </test-method> <!-- openBrowser -->
        <test-method status="PASS" signature="login()[pri:0, instance:TestScrepts.Tc_01@2b98378d]" name="login" duration-ms="565" started-at="2021-03-24T15:38:35Z" finished-at="2021-03-24T15:38:36Z">
          <reporter-output>
          </reporter-output>
        </test-method> <!-- login -->
        <test-method status="PASS" signature="closeBrowser()[pri:0, instance:TestScrepts.Tc_01@2b98378d]" name="closeBrowser" is-config="true" duration-ms="1905" started-at="2021-03-24T15:38:36Z" finished-at="2021-03-24T15:38:38Z">
          <reporter-output>
          </reporter-output>
        </test-method> <!-- closeBrowser -->
      </class> <!-- TestScrepts.Tc_01 -->
    </test> <!-- Test -->
  </suite> <!-- Suite -->
</testng-results>
